<?xml version="1.0" encoding="UTF-8"?>
<testsuite name="DemowebshopTest" tests="1" skipped="0" failures="0" errors="0" timestamp="2024-02-15T09:07:51" hostname="user" time="3.375">
  <properties/>
  <testcase name="getBooksPriceOverTest()" classname="DemowebshopTest" time="3.375"/>
  <system-out><![CDATA[<html>
  <head>
    <title>Demo Web Shop. Books</title>
    <meta http-equiv="Content-type" content="text/html;charset=UTF-8"/>
    <meta name="description" content="Books category description"/>
    <meta name="keywords" content="Books, Dictionary, Textbooks"/>
    <meta name="generator" content="nopCommerce"/>
    <meta name="viewport" content="width=device-width, initial-scale=1"/>
    <link href="/Themes/DefaultClean/Content/styles.css" rel="stylesheet" type="text/css"/>
    <link href="/Themes/DefaultClean/Content/responsive.css" rel="stylesheet" type="text/css"/>
    <link href="/Content/jquery-ui-themes/smoothness/jquery-ui-1.10.3.custom.min.css" rel="stylesheet" type="text/css"/>
    <script src="/Scripts/jquery-1.10.2.min.js" type="text/javascript"/>
    <script src="/Scripts/jquery.validate.min.js" type="text/javascript"/>
    <script src="/Scripts/jquery.validate.unobtrusive.min.js" type="text/javascript"/>
    <script src="/Scripts/jquery-ui-1.10.3.custom.min.js" type="text/javascript"/>
    <script src="/Scripts/jquery-migrate-1.2.1.min.js" type="text/javascript"/>
    <script src="/Scripts/public.common.js" type="text/javascript"/>
    <script src="/Scripts/public.ajaxcart.js" type="text/javascript"/>
    <link rel="shortcut icon" href="https://demowebshop.tricentis.com/favicon.ico"/>
  </head>
  <body>
    <div id="dialog-notifications-success" title="Notification" style="display:none;"/>
    <div id="dialog-notifications-error" title="Error" style="display:none;"/>
    <div class="bar-notification" id="bar-notification">
      <span class="close" title="Close"> </span>
    </div>
    <div class="master-wrapper-page">
      <div class="master-wrapper-content">
        <script type="text/javascript">
            AjaxCart.init(false, '.header-links .cart-qty', '.header-links .wishlist-qty', '#flyout-cart');
        </script>
        <div class="header">
          <div class="header-logo">
            <a shape="rect" href="/">
              <img title="" alt="Tricentis Demo Web Shop" src="/Themes/DefaultClean/Content/images/logo.png"/>
            </a>
          </div>
          <div class="header-links-wrapper">
            <div class="header-links">
              <ul>
                <li>
                  <a shape="rect" class="account" href="/customer/info">fadfad@gdff.cd</a>
                </li>
                <li>
                  <a shape="rect" class="ico-logout" href="/logout">Log out</a>
                </li>
                <li id="topcartlink">
                  <a shape="rect" class="ico-cart" href="/cart">
                    <span class="cart-label">Shopping cart</span>
                    <span class="cart-qty">(10)</span>
                  </a>
                </li>
                <li>
                  <a shape="rect" class="ico-wishlist" href="/wishlist">
                    <span class="cart-label">Wishlist</span>
                    <span class="wishlist-qty">(0)</span>
                  </a>
                </li>
              </ul>
              <script type="text/javascript">
            $(document).ready(function () {
                $('.header').on('mouseenter', '#topcartlink', function () {
                    $('#flyout-cart').addClass('active');
                });
                $('.header').on('mouseleave', '#topcartlink', function () {
                    $('#flyout-cart').removeClass('active');
                });
                $('.header').on('mouseenter', '#flyout-cart', function () {
                    $('#flyout-cart').addClass('active');
                });
                $('.header').on('mouseleave', '#flyout-cart', function () {
                    $('#flyout-cart').removeClass('active');
                });
            });
        </script>
            </div>
            <div class="flyout-cart" id="flyout-cart">
              <div class="mini-shopping-cart">
                <div class="count">

There are                   <a shape="rect" class="items" href="/cart">10 item(s)</a>
 in your cart.                        </div>
                <div class="items">
                  <div class="item first">
                    <div class="picture">
                      <a shape="rect" href="/build-your-cheap-own-computer" title="Show details for Build your own cheap computer">
                        <img alt="Picture of Build your own cheap computer" src="https://demowebshop.tricentis.com/content/images/thumbs/0000172_build-your-own-cheap-computer_47.jpeg" title="Show details for Build your own cheap computer"/>
                      </a>
                    </div>
                    <div class="product">
                      <div class="name">
                        <a shape="rect" href="/build-your-cheap-own-computer">Build your own cheap computer</a>
                      </div>
                      <div class="attributes">

                                    Processor: Medium [+15.00]                        <br clear="none"/>
RAM: 2 GB                        <br clear="none"/>
HDD: 320 GB
                                                      </div>
                      <div class="price">
Unit price:                         <span>815.00</span>
                      </div>
                      <div class="quantity">
Quantity:                         <span>10</span>
                      </div>
                    </div>
                  </div>
                </div>
                <div class="totals">
Sub-Total:                   <strong>8150.00</strong>
                </div>
                <div class="buttons">
                  <input type="button" class="button-1 cart-button" value="Go to cart" onclick="setLocation('/cart')"/>
                </div>
              </div>
            </div>
          </div>
          <div class="search-box">
            <form enctype="application/x-www-form-urlencoded" method="get" action="/search" onsubmit="return check_small_search_form()">
              <input type="text" class="search-box-text" id="small-searchterms" autocomplete="off" value="Search store" name="q"/>
              <input type="submit" class="button-1 search-box-button" value="Search"/>
              <script type="text/javascript">
        $(document).ready(function() {
            $("#small-searchterms").focus(function() {
                if (this.value == 'Search store') {
                    this.value = '';
                }
            });

            $("#small-searchterms").blur(function() {
                if (this.value == '') {
                    this.value = 'Search store';
                }
            });
        });

        function check_small_search_form() {
            var search_terms = $("#small-searchterms");
            if (search_terms.val() == "" || search_terms.val() == "Search store") {
                alert('Please enter some search keyword');
                search_terms.focus();
                return false;
            }
            return true;
        }
    </script>
              <script type="text/javascript">
                $(function() {
                    $('#small-searchterms').autocomplete({
                            delay: 500,
                            minLength: 3,
                            source: '/catalog/searchtermautocomplete',
                            select: function(event, ui) {
                                $("#small-searchterms").val(ui.item.label);
                                setLocation(ui.item.producturl);
                                return false;
                            }
                        })
                        .data("ui-autocomplete")._renderItem = function(ul, item) {
                            var t = item.label;
                            //html encode
                            t = htmlEncode(t);
                            return $("&lt;li&gt;&lt;/li&gt;")
                                .data("item.autocomplete", item)
                                .append("&lt;a&gt;" + t + "&lt;/a&gt;")
                            .appendTo(ul);
                    };
                });
            </script>
            </form>
          </div>
          <div class="header-selectors-wrapper">
            <div class="tax-display-type-selector"/>
            <div class="currency-selector"/>
            <div class="language-selector"/>
          </div>
        </div>
        <div class="header-menu">
          <ul class="top-menu">
            <li>
              <a shape="rect" href="/books">Books
        </a>
              <div class="top-menu-triangle"/>
            </li>
            <li>
              <a shape="rect" href="/computers">Computers
        </a>
              <div class="top-menu-triangle"/>
              <ul class="sublist firstLevel">
                <li>
                  <a shape="rect" href="/desktops">Desktops
        </a>
                </li>
                <li>
                  <a shape="rect" href="/notebooks">Notebooks
        </a>
                </li>
                <li>
                  <a shape="rect" href="/accessories">Accessories
        </a>
                </li>
              </ul>
            </li>
            <li>
              <a shape="rect" href="/electronics">Electronics
        </a>
              <div class="top-menu-triangle"/>
              <ul class="sublist firstLevel">
                <li>
                  <a shape="rect" href="/camera-photo">Camera, photo
        </a>
                </li>
                <li>
                  <a shape="rect" href="/cell-phones">Cell phones
        </a>
                </li>
              </ul>
            </li>
            <li>
              <a shape="rect" href="/apparel-shoes">Apparel &amp; Shoes
        </a>
              <div class="top-menu-triangle"/>
            </li>
            <li>
              <a shape="rect" href="/digital-downloads">Digital downloads
        </a>
              <div class="top-menu-triangle"/>
            </li>
            <li>
              <a shape="rect" href="/jewelry">Jewelry
        </a>
              <div class="top-menu-triangle"/>
            </li>
            <li>
              <a shape="rect" href="/gift-cards">Gift Cards
        </a>
              <div class="top-menu-triangle"/>
            </li>
          </ul>
          <script type="text/javascript">
    $('li', '.top-menu').on('mouseenter', function () {
        $('a', $(this)).first().addClass('hover');
        if (!$(this).parent().hasClass('top-menu')) {
            var width = $(this).innerWidth();
            $('.sublist', $(this)).first().css('left', width + 15);
        }
        $('.sublist', $(this)).first().addClass('active');
        $('.top-menu-triangle', $(this)).addClass('active');
    });

    $('li', '.top-menu').on('mouseleave', function () {
        $('a', $(this)).first().removeClass('hover');
        $('.sublist', $(this)).first().removeClass('active');
        $('.top-menu-triangle', $(this)).removeClass('active');
    });

</script>
          <div id="mob-menu-button">
            <a shape="rect" href="">
              <span class="icon">
                <span class="line"/>
                <span class="line"/>
                <span class="line"/>
              </span>
              <span>Categories</span>
            </a>
          </div>
          <ul class="mob-top-menu">
            <li>
              <a shape="rect" href="/books">Books
        </a>
              <div class="top-menu-triangle"/>
            </li>
            <li>
              <a shape="rect" href="/computers">Computers
        </a>
              <div class="top-menu-triangle"/>
              <span class="expand"> </span>
              <ul class="sublist firstLevel">
                <li>
                  <a shape="rect" href="/desktops">Desktops
        </a>
                </li>
                <li>
                  <a shape="rect" href="/notebooks">Notebooks
        </a>
                </li>
                <li>
                  <a shape="rect" href="/accessories">Accessories
        </a>
                </li>
              </ul>
            </li>
            <li>
              <a shape="rect" href="/electronics">Electronics
        </a>
              <div class="top-menu-triangle"/>
              <span class="expand"> </span>
              <ul class="sublist firstLevel">
                <li>
                  <a shape="rect" href="/camera-photo">Camera, photo
        </a>
                </li>
                <li>
                  <a shape="rect" href="/cell-phones">Cell phones
        </a>
                </li>
              </ul>
            </li>
            <li>
              <a shape="rect" href="/apparel-shoes">Apparel &amp; Shoes
        </a>
              <div class="top-menu-triangle"/>
            </li>
            <li>
              <a shape="rect" href="/digital-downloads">Digital downloads
        </a>
              <div class="top-menu-triangle"/>
            </li>
            <li>
              <a shape="rect" href="/jewelry">Jewelry
        </a>
              <div class="top-menu-triangle"/>
            </li>
            <li>
              <a shape="rect" href="/gift-cards">Gift Cards
        </a>
              <div class="top-menu-triangle"/>
            </li>
          </ul>
          <script type="text/javascript">
        $('a', $('#mob-menu-button')).toggle(function() {
                $('.mob-top-menu').addClass('show');
            },
            function() {
                $('.mob-top-menu').removeClass('show');
            }
        );

        $(function($) {
            $('.mob-top-menu .expand').click(function() {
                var parent = $(this).parent();
                if (parent.hasClass('active')) {
                    $(".sublist:first", parent).hide(300);
                    parent.removeClass('active');
                } else {
                    $(".sublist:first", parent).show(300);
                    parent.addClass('active');
                }
            });
        });
    </script>
        </div>
        <div class="ajax-loading-block-window" style="display: none">
          <div class="loading-image"/>
        </div>
        <div class="master-wrapper-main">
          <div class="side-2">
            <div class="block block-category-navigation">
              <div class="title">
                <strong>Categories</strong>
              </div>
              <div class="listbox">
                <ul class="list">
                  <li class="active">
                    <a shape="rect" href="/books">Books
        </a>
                  </li>
                  <li class="inactive">
                    <a shape="rect" href="/computers">Computers
        </a>
                  </li>
                  <li class="inactive">
                    <a shape="rect" href="/electronics">Electronics
        </a>
                  </li>
                  <li class="inactive">
                    <a shape="rect" href="/apparel-shoes">Apparel &amp; Shoes
        </a>
                  </li>
                  <li class="inactive">
                    <a shape="rect" href="/digital-downloads">Digital downloads
        </a>
                  </li>
                  <li class="inactive">
                    <a shape="rect" href="/jewelry">Jewelry
        </a>
                  </li>
                  <li class="inactive">
                    <a shape="rect" href="/gift-cards">Gift Cards
        </a>
                  </li>
                </ul>
              </div>
            </div>
            <div class="block block-manufacturer-navigation">
              <div class="title">
                <strong>Manufacturers</strong>
              </div>
              <div class="listbox">
                <ul class="list">
                  <li class="inactive">
                    <a shape="rect" href="/tricentis">Tricentis</a>
                  </li>
                </ul>
              </div>
            </div>
            <div class="block block-newsletter">
              <div class="title">
                <strong>Newsletter</strong>
              </div>
              <div class="listbox">
                <div class="newsletter-subscribe-block" id="newsletter-subscribe-block">
                  <span>Sign up for our newsletter:</span>
                  <div class="newsletter-email">
                    <input type="text" id="newsletter-email" name="NewsletterEmail" value=""/>
                    <span class="field-validation-valid" data-valmsg-for="NewsletterEmail" data-valmsg-replace="true"/>
                  </div>
                  <div class="buttons">
                    <input type="button" class="button-1 newsletter-subscribe-button" id="newsletter-subscribe-button" value="Subscribe"/>
                    <span class="please-wait" id="subscribe-loading-progress" style="display: none;">Wait...</span>
                  </div>
                </div>
                <div class="newsletter-result-block" id="newsletter-result-block"/>
              </div>
              <script type="text/javascript">
        $(document).ready(function () {
            $('#newsletter-subscribe-button').click(function () {
                
                var email = $("#newsletter-email").val();
                var subscribeProgress = $("#subscribe-loading-progress");
                subscribeProgress.show();
                $.ajax({
                    cache: false,
                    type: "POST",
                    url: "/subscribenewsletter",
                    data: { "email": email },
                    success: function (data) {
                        subscribeProgress.hide();
                        $("#newsletter-result-block").html(data.Result);
                         if (data.Success) {
                            $('#newsletter-subscribe-block').hide();
                            $('#newsletter-result-block').show();
                         }
                         else {
                            $('#newsletter-result-block').fadeIn("slow").delay(2000).fadeOut("slow");
                         }
                    },
                    error:function (xhr, ajaxOptions, thrownError){
                        alert('Failed to subscribe.');
                        subscribeProgress.hide();
                    }  
                });                
                return false;
            });
        });
    </script>
            </div>
          </div>
          <div class="center-2">
            <div class="breadcrumb">
              <ul>
                <li>
                  <a shape="rect" href="/" title="Home">Home</a>
                  <span class="delimiter">/</span>
                </li>
                <li>
                  <strong class="current-item">Books</strong>
                </li>
              </ul>
            </div>
            <div class="page category-page">
              <div class="page-title">
                <h1>Books</h1>
              </div>
              <div class="page-body">
                <div class="product-selectors">
                  <div class="product-viewmode">
                    <span>View as</span>
                    <select id="products-viewmode" name="products-viewmode" onchange="setLocation(this.value);">
                      <option selected="selected" value="https://demowebshop.tricentis.com/books?price=50-&amp;viewmode=grid">Grid</option>
                      <option value="https://demowebshop.tricentis.com/books?price=50-&amp;viewmode=list">List</option>
                    </select>
                  </div>
                  <div class="product-sorting">
                    <span>Sort by</span>
                    <select id="products-orderby" name="products-orderby" onchange="setLocation(this.value);">
                      <option selected="selected" value="https://demowebshop.tricentis.com/books?price=50-&amp;orderby=0">Position</option>
                      <option value="https://demowebshop.tricentis.com/books?price=50-&amp;orderby=5">Name: A to Z</option>
                      <option value="https://demowebshop.tricentis.com/books?price=50-&amp;orderby=6">Name: Z to A</option>
                      <option value="https://demowebshop.tricentis.com/books?price=50-&amp;orderby=10">Price: Low to High</option>
                      <option value="https://demowebshop.tricentis.com/books?price=50-&amp;orderby=11">Price: High to Low</option>
                      <option value="https://demowebshop.tricentis.com/books?price=50-&amp;orderby=15">Created on</option>
                    </select>
                  </div>
                  <div class="product-page-size">
                    <span>Display</span>
                    <select id="products-pagesize" name="products-pagesize" onchange="setLocation(this.value);">
                      <option value="https://demowebshop.tricentis.com/books?price=50-&amp;pagesize=4">4</option>
                      <option selected="selected" value="https://demowebshop.tricentis.com/books?price=50-&amp;pagesize=8">8</option>
                      <option value="https://demowebshop.tricentis.com/books?price=50-&amp;pagesize=12">12</option>
                    </select>
                    <span>per page</span>
                  </div>
                </div>
                <div class="product-filters-wrapper">
                  <div class="product-filters price-range-filter">
                    <div class="filter-title">
                      <strong>Filter by price</strong>
                    </div>
                    <div class="filter-content">
                      <div class="selected-price-range">

                        Over                         <span class="PriceRange">50.00</span>
                      </div>
                      <div class="remove-filter">
                        <a shape="rect" class="remove-price-range-filter" href="https://demowebshop.tricentis.com/books">Remove Filter</a>
                      </div>
                    </div>
                  </div>
                </div>
                <div class="product-grid">
                  <div class="item-box">
                    <div class="product-item" data-productid="27">
                      <div class="picture">
                        <a shape="rect" href="/science" title="Show details for Science">
                          <img alt="Picture of Science" src="https://demowebshop.tricentis.com/content/images/thumbs/0000132_science_125.jpeg" title="Show details for Science"/>
                        </a>
                      </div>
                      <div class="details">
                        <h2 class="product-title">
                          <a shape="rect" href="/science">Science</a>
                        </h2>
                        <div class="product-rating-box" title="165 review(s)">
                          <div class="rating">
                            <div style="width: 39%"/>
                          </div>
                        </div>
                        <div class="description">
            A guide to elementary science
        </div>
                        <div class="add-info">
                          <div class="prices">
                            <span class="price old-price">67.00</span>
                            <span class="price actual-price">51.00</span>
                          </div>
                          <div class="buttons"/>
                        </div>
                      </div>
                    </div>
                  </div>
                </div>
                <div class="pager"/>
              </div>
            </div>
          </div>
        </div>
      </div>
      <div class="footer">
        <div class="footer-menu-wrapper">
          <div class="column information">
            <h3>Information</h3>
            <ul>
              <li>
                <a shape="rect" href="/sitemap">Sitemap</a>
              </li>
              <li>
                <a shape="rect" href="/shipping-returns">Shipping &amp; Returns</a>
              </li>
              <li>
                <a shape="rect" href="/privacy-policy">Privacy Notice</a>
              </li>
              <li>
                <a shape="rect" href="/conditions-of-use">Conditions of Use</a>
              </li>
              <li>
                <a shape="rect" href="/about-us">About us</a>
              </li>
              <li>
                <a shape="rect" href="/contactus">Contact us</a>
              </li>
            </ul>
          </div>
          <div class="column customer-service">
            <h3>Customer service</h3>
            <ul>
              <li>
                <a shape="rect" href="/search">Search</a>
              </li>
              <li>
                <a shape="rect" href="/news">News</a>
              </li>
              <li>
                <a shape="rect" href="/blog">Blog</a>
              </li>
              <li>
                <a shape="rect" href="/recentlyviewedproducts">Recently viewed products</a>
              </li>
              <li>
                <a shape="rect" href="/compareproducts">Compare products list</a>
              </li>
              <li>
                <a shape="rect" href="/newproducts">New products</a>
              </li>
            </ul>
          </div>
          <div class="column my-account">
            <h3>My account</h3>
            <ul>
              <li>
                <a shape="rect" class="account" href="/customer/info">My account</a>
              </li>
              <li>
                <a shape="rect" href="/customer/orders">Orders</a>
              </li>
              <li>
                <a shape="rect" class="" href="/customer/addresses">Addresses</a>
              </li>
              <li>
                <a shape="rect" class="ico-cart" href="/cart">Shopping cart</a>
              </li>
              <li>
                <a shape="rect" class="ico-wishlist" href="/wishlist">Wishlist</a>
              </li>
            </ul>
          </div>
          <div class="column follow-us">
            <h3>Follow us</h3>
            <ul>
              <li class="facebook">
                <a shape="rect" href="http://www.facebook.com/nopCommerce" target="_blank">Facebook</a>
              </li>
              <li class="twitter">
                <a shape="rect" href="https://twitter.com/nopCommerce" target="_blank">Twitter</a>
              </li>
              <li class="rss">
                <a shape="rect" href="/news/rss/1">RSS</a>
              </li>
              <li class="youtube">
                <a shape="rect" href="http://www.youtube.com/user/nopCommerce" target="_blank">YouTube</a>
              </li>
              <li class="google-plus">
                <a shape="rect" href="https://plus.google.com/+nopcommerce" target="_blank">Google+</a>
              </li>
            </ul>
          </div>
        </div>
        <div class="footer-poweredby">

        Powered by           <a shape="rect" href="http://www.nopcommerce.com/">nopCommerce</a>
        </div>
        <div class="footer-disclaimer">
        Copyright © 2024 Tricentis Demo Web Shop. All rights reserved.
    </div>
        <div class="footer-store-theme"/>
      </div>
    </div>
    <script type="text/javascript">
var _gaq = _gaq || [];
_gaq.push(['_setAccount', 'UA-6574346-11']);
_gaq.push(['_trackPageview']);

(function() {
    var ga = document.createElement('script'); ga.type = 'text/javascript'; ga.async = true;
    ga.src = ('https:' == document.location.protocol ? 'https://ssl' : 'http://www') + '.google-analytics.com/ga.js';
    var s = document.getElementsByTagName('script')[0]; s.parentNode.insertBefore(ga, s);
})();
</script>
  </body>
</html>
]]></system-out>
  <system-err><![CDATA[]]></system-err>
</testsuite>
